<?xml version="1.0" encoding="UTF-8"?>
<!-- Generated by org.testng.reporters.JUnitReportReporter -->
<testsuite hostname="CMDLHRLTB147" failures="0" tests="4" name="lab4.Lab4" time="5.729" errors="0" timestamp="2023-08-16T07:12:17 EDT" skipped="0">
  <testcase classname="lab4.Lab4" name="test2" time="1.313"/>
  <testcase classname="lab4.Lab4" name="test1" time="1.140"/>
  <testcase classname="lab4.Lab4" name="test" time="1.729"/>
  <testcase classname="lab4.Lab4" name="test3" time="1.547"/>
</testsuite> <!-- lab4.Lab4 -->
